#
# There is insufficient memory for the Java Runtime Environment to continue.
# Native memory allocation (malloc) failed to allocate 1754096 bytes for Chunk::new
# Possible reasons:
#   The system is out of physical RAM or swap space
#   The process is running with CompressedOops enabled, and the Java Heap may be blocking the growth of the native heap
# Possible solutions:
#   Reduce memory load on the system
#   Increase physical memory or swap space
#   Check if swap backing store is full
#   Decrease Java heap size (-Xmx/-Xms)
#   Decrease number of Java threads
#   Decrease Java thread stack sizes (-Xss)
#   Set larger code cache with -XX:ReservedCodeCacheSize=
#   JVM is running with Zero Based Compressed Oops mode in which the Java heap is
#     placed in the first 32GB address space. The Java Heap base address is the
#     maximum limit for the native heap growth. Please use -XX:HeapBaseMinAddress
#     to set the Java Heap base and to place the Java Heap above 32GB virtual address.
# This output file may be truncated or incomplete.
#
#  Out of Memory Error (arena.cpp:189), pid=16088, tid=28356
#
# JRE version: Java(TM) SE Runtime Environment (17.0.8+9) (build 17.0.8+9-LTS-211)
# Java VM: Java HotSpot(TM) 64-Bit Server VM (17.0.8+9-LTS-211, mixed mode, sharing, tiered, compressed oops, compressed class ptrs, g1 gc, windows-amd64)
# No core dump will be written. Minidumps are not enabled by default on client versions of Windows
#

---------------  S U M M A R Y ------------

Command Line: -javaagent:C:\Program Files\JetBrains\IntelliJ IDEA Community Edition 2023.3.1\lib\idea_rt.jar=61304:C:\Program Files\JetBrains\IntelliJ IDEA Community Edition 2023.3.1\bin -Dfile.encoding=UTF-8 com.shoppingmall.toyproject_one.ToyprojectOneApplication

Host: 11th Gen Intel(R) Core(TM) i7-1165G7 @ 2.80GHz, 8 cores, 15G,  Windows 10 , 64 bit Build 19041 (10.0.19041.3636)
Time: Thu Mar 28 12:27:17 2024  Windows 10 , 64 bit Build 19041 (10.0.19041.3636) elapsed time: 3.384898 seconds (0d 0h 0m 3s)

---------------  T H R E A D  ---------------

Current thread (0x0000023b29dd99d0):  JavaThread "C2 CompilerThread2" daemon [_thread_in_native, id=28356, stack(0x0000009051900000,0x0000009051a00000)]


Current CompileTask:
C2:   3385 1770       4       jdk.internal.org.objectweb.asm.Frame::execute (2305 bytes)

Stack: [0x0000009051900000,0x0000009051a00000]
Native frames: (J=compiled Java code, j=interpreted, Vv=VM code, C=native code)
V  [jvm.dll+0x677d0a]
V  [jvm.dll+0x7d8c54]
V  [jvm.dll+0x7da3fe]
V  [jvm.dll+0x7daa63]
V  [jvm.dll+0x245c5f]
V  [jvm.dll+0xaaa6b]
V  [jvm.dll+0xab00c]
V  [jvm.dll+0x361e3f]
V  [jvm.dll+0x32c551]
V  [jvm.dll+0x32b9ea]
V  [jvm.dll+0x217fff]
V  [jvm.dll+0x217431]
V  [jvm.dll+0x1a3af0]
V  [jvm.dll+0x2270be]
V  [jvm.dll+0x22535b]
V  [jvm.dll+0x78e7bc]
V  [jvm.dll+0x788bba]
V  [jvm.dll+0x676b35]
C  [ucrtbase.dll+0x21bb2]
C  [KERNEL32.DLL+0x17344]
C  [ntdll.dll+0x526b1]


---------------  P R O C E S S  ---------------

Threads class SMR info:
_java_thread_list=0x0000023b2a1bafc0, length=18, elements={
0x0000023abe8d2240, 0x0000023ae33f86d0, 0x0000023ae33f9db0, 0x0000023ae3414fd0,
0x0000023ae34179a0, 0x0000023ae341ae90, 0x0000023ae3421c80, 0x0000023ae3423540,
0x0000023ae3427b30, 0x0000023ae3431820, 0x0000023ae35441d0, 0x0000023b29193de0,
0x0000023b291942b0, 0x0000023b293741b0, 0x0000023b29878e50, 0x0000023b29a4ec90,
0x0000023b29dd99d0, 0x0000023b2a14f3a0
}

Java Threads: ( => current thread )
  0x0000023abe8d2240 JavaThread "main" [_thread_blocked, id=11332, stack(0x000000904fb00000,0x000000904fc00000)]
  0x0000023ae33f86d0 JavaThread "Reference Handler" daemon [_thread_blocked, id=10624, stack(0x0000009050200000,0x0000009050300000)]
  0x0000023ae33f9db0 JavaThread "Finalizer" daemon [_thread_blocked, id=19924, stack(0x0000009050300000,0x0000009050400000)]
  0x0000023ae3414fd0 JavaThread "Signal Dispatcher" daemon [_thread_blocked, id=12728, stack(0x0000009050400000,0x0000009050500000)]
  0x0000023ae34179a0 JavaThread "Attach Listener" daemon [_thread_blocked, id=5232, stack(0x0000009050500000,0x0000009050600000)]
  0x0000023ae341ae90 JavaThread "Service Thread" daemon [_thread_blocked, id=25808, stack(0x0000009050600000,0x0000009050700000)]
  0x0000023ae3421c80 JavaThread "Monitor Deflation Thread" daemon [_thread_blocked, id=24096, stack(0x0000009050700000,0x0000009050800000)]
  0x0000023ae3423540 JavaThread "C2 CompilerThread0" daemon [_thread_blocked, id=22916, stack(0x0000009050800000,0x0000009050900000)]
  0x0000023ae3427b30 JavaThread "C1 CompilerThread0" daemon [_thread_in_vm, id=19960, stack(0x0000009050900000,0x0000009050a00000)]
  0x0000023ae3431820 JavaThread "Sweeper thread" daemon [_thread_blocked, id=11248, stack(0x0000009050a00000,0x0000009050b00000)]
  0x0000023ae35441d0 JavaThread "Common-Cleaner" daemon [_thread_blocked, id=16496, stack(0x0000009050b00000,0x0000009050c00000)]
  0x0000023b29193de0 JavaThread "Monitor Ctrl-Break" daemon [_thread_in_native, id=23928, stack(0x0000009050c00000,0x0000009050d00000)]
  0x0000023b291942b0 JavaThread "Notification Thread" daemon [_thread_blocked, id=28128, stack(0x0000009050d00000,0x0000009050e00000)]
  0x0000023b293741b0 JavaThread "C2 CompilerThread1" daemon [_thread_in_native, id=13904, stack(0x0000009050f00000,0x0000009051000000)]
  0x0000023b29878e50 JavaThread "Thread-0" [_thread_blocked, id=244, stack(0x0000009051700000,0x0000009051800000)]
  0x0000023b29a4ec90 JavaThread "restartedMain" [_thread_blocked, id=25076, stack(0x0000009051800000,0x0000009051900000)]
=>0x0000023b29dd99d0 JavaThread "C2 CompilerThread2" daemon [_thread_in_native, id=28356, stack(0x0000009051900000,0x0000009051a00000)]
  0x0000023b2a14f3a0 JavaThread "background-preinit" [_thread_in_vm, id=12980, stack(0x0000009051a00000,0x0000009051b00000)]

Other Threads:
  0x0000023ae33eeb60 VMThread "VM Thread" [stack: 0x0000009050100000,0x0000009050200000] [id=15980]
  0x0000023b291eac70 WatcherThread [stack: 0x0000009050e00000,0x0000009050f00000] [id=30372]
  0x0000023abe93ce10 GCTaskThread "GC Thread#0" [stack: 0x000000904fc00000,0x000000904fd00000] [id=25216]
  0x0000023b29783070 GCTaskThread "GC Thread#1" [stack: 0x0000009051000000,0x0000009051100000] [id=13372]
  0x0000023b29783320 GCTaskThread "GC Thread#2" [stack: 0x0000009051100000,0x0000009051200000] [id=7328]
  0x0000023b297835d0 GCTaskThread "GC Thread#3" [stack: 0x0000009051200000,0x0000009051300000] [id=2908]
  0x0000023b29783880 GCTaskThread "GC Thread#4" [stack: 0x0000009051300000,0x0000009051400000] [id=27112]
  0x0000023b2981c4d0 GCTaskThread "GC Thread#5" [stack: 0x0000009051400000,0x0000009051500000] [id=28180]
  0x0000023b2983a8e0 GCTaskThread "GC Thread#6" [stack: 0x0000009051500000,0x0000009051600000] [id=30288]
  0x0000023b2983ab90 GCTaskThread "GC Thread#7" [stack: 0x0000009051600000,0x0000009051700000] [id=14732]
  0x0000023abe94d820 ConcurrentGCThread "G1 Main Marker" [stack: 0x000000904fd00000,0x000000904fe00000] [id=14208]
  0x0000023abe94e140 ConcurrentGCThread "G1 Conc#0" [stack: 0x000000904fe00000,0x000000904ff00000] [id=16252]
  0x0000023abe96eae0 ConcurrentGCThread "G1 Refine#0" [stack: 0x000000904ff00000,0x0000009050000000] [id=27592]
  0x0000023ae32a86a0 ConcurrentGCThread "G1 Service" [stack: 0x0000009050000000,0x0000009050100000] [id=22152]

Threads with active compile tasks:
C1 CompilerThread0     3576 2065       3       org.springframework.core.annotation.AnnotationTypeMappings::get (14 bytes)
C2 CompilerThread1     3576 2054   !   4       java.net.URL::<init> (543 bytes)
C2 CompilerThread2     3576 1770       4       jdk.internal.org.objectweb.asm.Frame::execute (2305 bytes)

VM state: not at safepoint (normal execution)

VM Mutex/Monitor currently owned by a thread:  ([mutex/lock_event])
[0x0000023abe7c5980] Metaspace_lock - owner thread: 0x0000023b2a14f3a0
[0x0000023abe8cccf0] MethodData_lock - owner thread: 0x0000023ae3427b30

Heap address: 0x0000000704400000, size: 4028 MB, Compressed Oops mode: Zero based, Oop shift amount: 3

CDS archive(s) mapped at: [0x0000023ae4000000-0x0000023ae4bd0000-0x0000023ae4bd0000), size 12386304, SharedBaseAddress: 0x0000023ae4000000, ArchiveRelocationMode: 1.
Compressed class space mapped at: 0x0000023ae5000000-0x0000023b25000000, reserved size: 1073741824
Narrow klass base: 0x0000023ae4000000, Narrow klass shift: 0, Narrow klass range: 0x100000000

GC Precious Log:
 CPUs: 8 total, 8 available
 Memory: 16108M
 Large Page Support: Disabled
 NUMA Support: Disabled
 Compressed Oops: Enabled (Zero based)
 Heap Region Size: 2M
 Heap Min Capacity: 8M
 Heap Initial Capacity: 252M
 Heap Max Capacity: 4028M
 Pre-touch: Disabled
 Parallel Workers: 8
 Concurrent Workers: 2
 Concurrent Refinement Workers: 8
 Periodic GC: Disabled

Heap:
 garbage-first heap   total 258048K, used 35793K [0x0000000704400000, 0x0000000800000000)
  region size 2048K, 15 young (30720K), 1 survivors (2048K)
 Metaspace       used 16182K, committed 16384K, reserved 1114112K
  class space    used 2068K, committed 2176K, reserved 1048576K

Heap Regions: E=young(eden), S=young(survivor), O=old, HS=humongous(starts), HC=humongous(continues), CS=collection set, F=free, OA=open archive, CA=closed archive, TAMS=top-at-mark-start (previous, next)
|   0|0x0000000704400000, 0x0000000704600000, 0x0000000704600000|100%| O|  |TAMS 0x0000000704400000, 0x0000000704400000| Untracked 
|   1|0x0000000704600000, 0x0000000704800000, 0x0000000704800000|100%| O|  |TAMS 0x0000000704600000, 0x0000000704600000| Untracked 
|   2|0x0000000704800000, 0x0000000704a00000, 0x0000000704a00000|100%| O|  |TAMS 0x0000000704800000, 0x0000000704800000| Untracked 
|   3|0x0000000704a00000, 0x0000000704b6c000, 0x0000000704c00000| 71%| O|  |TAMS 0x0000000704a00000, 0x0000000704a00000| Untracked 
|   4|0x0000000704c00000, 0x0000000704c00000, 0x0000000704e00000|  0%| F|  |TAMS 0x0000000704c00000, 0x0000000704c00000| Untracked 
|   5|0x0000000704e00000, 0x0000000704e00000, 0x0000000705000000|  0%| F|  |TAMS 0x0000000704e00000, 0x0000000704e00000| Untracked 
|   6|0x0000000705000000, 0x0000000705000000, 0x0000000705200000|  0%| F|  |TAMS 0x0000000705000000, 0x0000000705000000| Untracked 
|   7|0x0000000705200000, 0x0000000705200000, 0x0000000705400000|  0%| F|  |TAMS 0x0000000705200000, 0x0000000705200000| Untracked 
|   8|0x0000000705400000, 0x0000000705400000, 0x0000000705600000|  0%| F|  |TAMS 0x0000000705400000, 0x0000000705400000| Untracked 
|   9|0x0000000705600000, 0x0000000705600000, 0x0000000705800000|  0%| F|  |TAMS 0x0000000705600000, 0x0000000705600000| Untracked 
|  10|0x0000000705800000, 0x0000000705800000, 0x0000000705a00000|  0%| F|  |TAMS 0x0000000705800000, 0x0000000705800000| Untracked 
|  11|0x0000000705a00000, 0x0000000705a00000, 0x0000000705c00000|  0%| F|  |TAMS 0x0000000705a00000, 0x0000000705a00000| Untracked 
|  12|0x0000000705c00000, 0x0000000705c00000, 0x0000000705e00000|  0%| F|  |TAMS 0x0000000705c00000, 0x0000000705c00000| Untracked 
|  13|0x0000000705e00000, 0x0000000705e00000, 0x0000000706000000|  0%| F|  |TAMS 0x0000000705e00000, 0x0000000705e00000| Untracked 
|  14|0x0000000706000000, 0x0000000706000000, 0x0000000706200000|  0%| F|  |TAMS 0x0000000706000000, 0x0000000706000000| Untracked 
|  15|0x0000000706200000, 0x0000000706200000, 0x0000000706400000|  0%| F|  |TAMS 0x0000000706200000, 0x0000000706200000| Untracked 
|  16|0x0000000706400000, 0x0000000706400000, 0x0000000706600000|  0%| F|  |TAMS 0x0000000706400000, 0x0000000706400000| Untracked 
|  17|0x0000000706600000, 0x0000000706600000, 0x0000000706800000|  0%| F|  |TAMS 0x0000000706600000, 0x0000000706600000| Untracked 
|  18|0x0000000706800000, 0x0000000706800000, 0x0000000706a00000|  0%| F|  |TAMS 0x0000000706800000, 0x0000000706800000| Untracked 
|  19|0x0000000706a00000, 0x0000000706a00000, 0x0000000706c00000|  0%| F|  |TAMS 0x0000000706a00000, 0x0000000706a00000| Untracked 
|  20|0x0000000706c00000, 0x0000000706c00000, 0x0000000706e00000|  0%| F|  |TAMS 0x0000000706c00000, 0x0000000706c00000| Untracked 
|  21|0x0000000706e00000, 0x0000000706e00000, 0x0000000707000000|  0%| F|  |TAMS 0x0000000706e00000, 0x0000000706e00000| Untracked 
|  22|0x0000000707000000, 0x0000000707000000, 0x0000000707200000|  0%| F|  |TAMS 0x0000000707000000, 0x0000000707000000| Untracked 
|  23|0x0000000707200000, 0x0000000707200000, 0x0000000707400000|  0%| F|  |TAMS 0x0000000707200000, 0x0000000707200000| Untracked 
|  24|0x0000000707400000, 0x0000000707400000, 0x0000000707600000|  0%| F|  |TAMS 0x0000000707400000, 0x0000000707400000| Untracked 
|  25|0x0000000707600000, 0x0000000707600000, 0x0000000707800000|  0%| F|  |TAMS 0x0000000707600000, 0x0000000707600000| Untracked 
|  26|0x0000000707800000, 0x0000000707800000, 0x0000000707a00000|  0%| F|  |TAMS 0x0000000707800000, 0x0000000707800000| Untracked 
|  27|0x0000000707a00000, 0x0000000707a00000, 0x0000000707c00000|  0%| F|  |TAMS 0x0000000707a00000, 0x0000000707a00000| Untracked 
|  28|0x0000000707c00000, 0x0000000707c00000, 0x0000000707e00000|  0%| F|  |TAMS 0x0000000707c00000, 0x0000000707c00000| Untracked 
|  29|0x0000000707e00000, 0x0000000707e00000, 0x0000000708000000|  0%| F|  |TAMS 0x0000000707e00000, 0x0000000707e00000| Untracked 
|  30|0x0000000708000000, 0x0000000708000000, 0x0000000708200000|  0%| F|  |TAMS 0x0000000708000000, 0x0000000708000000| Untracked 
|  31|0x0000000708200000, 0x0000000708200000, 0x0000000708400000|  0%| F|  |TAMS 0x0000000708200000, 0x0000000708200000| Untracked 
|  32|0x0000000708400000, 0x0000000708400000, 0x0000000708600000|  0%| F|  |TAMS 0x0000000708400000, 0x0000000708400000| Untracked 
|  33|0x0000000708600000, 0x0000000708600000, 0x0000000708800000|  0%| F|  |TAMS 0x0000000708600000, 0x0000000708600000| Untracked 
|  34|0x0000000708800000, 0x0000000708800000, 0x0000000708a00000|  0%| F|  |TAMS 0x0000000708800000, 0x0000000708800000| Untracked 
|  35|0x0000000708a00000, 0x0000000708a00000, 0x0000000708c00000|  0%| F|  |TAMS 0x0000000708a00000, 0x0000000708a00000| Untracked 
|  36|0x0000000708c00000, 0x0000000708c00000, 0x0000000708e00000|  0%| F|  |TAMS 0x0000000708c00000, 0x0000000708c00000| Untracked 
|  37|0x0000000708e00000, 0x0000000708e00000, 0x0000000709000000|  0%| F|  |TAMS 0x0000000708e00000, 0x0000000708e00000| Untracked 
|  38|0x0000000709000000, 0x0000000709000000, 0x0000000709200000|  0%| F|  |TAMS 0x0000000709000000, 0x0000000709000000| Untracked 
|  39|0x0000000709200000, 0x0000000709200000, 0x0000000709400000|  0%| F|  |TAMS 0x0000000709200000, 0x0000000709200000| Untracked 
|  40|0x0000000709400000, 0x0000000709400000, 0x0000000709600000|  0%| F|  |TAMS 0x0000000709400000, 0x0000000709400000| Untracked 
|  41|0x0000000709600000, 0x0000000709600000, 0x0000000709800000|  0%| F|  |TAMS 0x0000000709600000, 0x0000000709600000| Untracked 
|  42|0x0000000709800000, 0x0000000709800000, 0x0000000709a00000|  0%| F|  |TAMS 0x0000000709800000, 0x0000000709800000| Untracked 
|  43|0x0000000709a00000, 0x0000000709a00000, 0x0000000709c00000|  0%| F|  |TAMS 0x0000000709a00000, 0x0000000709a00000| Untracked 
|  44|0x0000000709c00000, 0x0000000709c00000, 0x0000000709e00000|  0%| F|  |TAMS 0x0000000709c00000, 0x0000000709c00000| Untracked 
|  45|0x0000000709e00000, 0x0000000709e00000, 0x000000070a000000|  0%| F|  |TAMS 0x0000000709e00000, 0x0000000709e00000| Untracked 
|  46|0x000000070a000000, 0x000000070a000000, 0x000000070a200000|  0%| F|  |TAMS 0x000000070a000000, 0x000000070a000000| Untracked 
|  47|0x000000070a200000, 0x000000070a200000, 0x000000070a400000|  0%| F|  |TAMS 0x000000070a200000, 0x000000070a200000| Untracked 
|  48|0x000000070a400000, 0x000000070a400000, 0x000000070a600000|  0%| F|  |TAMS 0x000000070a400000, 0x000000070a400000| Untracked 
|  49|0x000000070a600000, 0x000000070a600000, 0x000000070a800000|  0%| F|  |TAMS 0x000000070a600000, 0x000000070a600000| Untracked 
|  50|0x000000070a800000, 0x000000070a800000, 0x000000070aa00000|  0%| F|  |TAMS 0x000000070a800000, 0x000000070a800000| Untracked 
|  51|0x000000070aa00000, 0x000000070aa00000, 0x000000070ac00000|  0%| F|  |TAMS 0x000000070aa00000, 0x000000070aa00000| Untracked 
|  52|0x000000070ac00000, 0x000000070ac00000, 0x000000070ae00000|  0%| F|  |TAMS 0x000000070ac00000, 0x000000070ac00000| Untracked 
|  53|0x000000070ae00000, 0x000000070ae00000, 0x000000070b000000|  0%| F|  |TAMS 0x000000070ae00000, 0x000000070ae00000| Untracked 
|  54|0x000000070b000000, 0x000000070b000000, 0x000000070b200000|  0%| F|  |TAMS 0x000000070b000000, 0x000000070b000000| Untracked 
|  55|0x000000070b200000, 0x000000070b200000, 0x000000070b400000|  0%| F|  |TAMS 0x000000070b200000, 0x000000070b200000| Untracked 
|  56|0x000000070b400000, 0x000000070b400000, 0x000000070b600000|  0%| F|  |TAMS 0x000000070b400000, 0x000000070b400000| Untracked 
|  57|0x000000070b600000, 0x000000070b600000, 0x000000070b800000|  0%| F|  |TAMS 0x000000070b600000, 0x000000070b600000| Untracked 
|  58|0x000000070b800000, 0x000000070b800000, 0x000000070ba00000|  0%| F|  |TAMS 0x000000070b800000, 0x000000070b800000| Untracked 
|  59|0x000000070ba00000, 0x000000070ba00000, 0x000000070bc00000|  0%| F|  |TAMS 0x000000070ba00000, 0x000000070ba00000| Untracked 
|  60|0x000000070bc00000, 0x000000070bc00000, 0x000000070be00000|  0%| F|  |TAMS 0x000000070bc00000, 0x000000070bc00000| Untracked 
|  61|0x000000070be00000, 0x000000070be00000, 0x000000070c000000|  0%| F|  |TAMS 0x000000070be00000, 0x000000070be00000| Untracked 
|  62|0x000000070c000000, 0x000000070c000000, 0x000000070c200000|  0%| F|  |TAMS 0x000000070c000000, 0x000000070c000000| Untracked 
|  63|0x000000070c200000, 0x000000070c200000, 0x000000070c400000|  0%| F|  |TAMS 0x000000070c200000, 0x000000070c200000| Untracked 
|  64|0x000000070c400000, 0x000000070c400000, 0x000000070c600000|  0%| F|  |TAMS 0x000000070c400000, 0x000000070c400000| Untracked 
|  65|0x000000070c600000, 0x000000070c600000, 0x000000070c800000|  0%| F|  |TAMS 0x000000070c600000, 0x000000070c600000| Untracked 
|  66|0x000000070c800000, 0x000000070c800000, 0x000000070ca00000|  0%| F|  |TAMS 0x000000070c800000, 0x000000070c800000| Untracked 
|  67|0x000000070ca00000, 0x000000070ca00000, 0x000000070cc00000|  0%| F|  |TAMS 0x000000070ca00000, 0x000000070ca00000| Untracked 
|  68|0x000000070cc00000, 0x000000070cc00000, 0x000000070ce00000|  0%| F|  |TAMS 0x000000070cc00000, 0x000000070cc00000| Untracked 
|  69|0x000000070ce00000, 0x000000070ce00000, 0x000000070d000000|  0%| F|  |TAMS 0x000000070ce00000, 0x000000070ce00000| Untracked 
|  70|0x000000070d000000, 0x000000070d000000, 0x000000070d200000|  0%| F|  |TAMS 0x000000070d000000, 0x000000070d000000| Untracked 
|  71|0x000000070d200000, 0x000000070d200000, 0x000000070d400000|  0%| F|  |TAMS 0x000000070d200000, 0x000000070d200000| Untracked 
|  72|0x000000070d400000, 0x000000070d400000, 0x000000070d600000|  0%| F|  |TAMS 0x000000070d400000, 0x000000070d400000| Untracked 
|  73|0x000000070d600000, 0x000000070d600000, 0x000000070d800000|  0%| F|  |TAMS 0x000000070d600000, 0x000000070d600000| Untracked 
|  74|0x000000070d800000, 0x000000070d800000, 0x000000070da00000|  0%| F|  |TAMS 0x000000070d800000, 0x000000070d800000| Untracked 
|  75|0x000000070da00000, 0x000000070da00000, 0x000000070dc00000|  0%| F|  |TAMS 0x000000070da00000, 0x000000070da00000| Untracked 
|  76|0x000000070dc00000, 0x000000070dc00000, 0x000000070de00000|  0%| F|  |TAMS 0x000000070dc00000, 0x000000070dc00000| Untracked 
|  77|0x000000070de00000, 0x000000070de00000, 0x000000070e000000|  0%| F|  |TAMS 0x000000070de00000, 0x000000070de00000| Untracked 
|  78|0x000000070e000000, 0x000000070e000000, 0x000000070e200000|  0%| F|  |TAMS 0x000000070e000000, 0x000000070e000000| Untracked 
|  79|0x000000070e200000, 0x000000070e200000, 0x000000070e400000|  0%| F|  |TAMS 0x000000070e200000, 0x000000070e200000| Untracked 
|  80|0x000000070e400000, 0x000000070e400000, 0x000000070e600000|  0%| F|  |TAMS 0x000000070e400000, 0x000000070e400000| Untracked 
|  81|0x000000070e600000, 0x000000070e600000, 0x000000070e800000|  0%| F|  |TAMS 0x000000070e600000, 0x000000070e600000| Untracked 
|  82|0x000000070e800000, 0x000000070e800000, 0x000000070ea00000|  0%| F|  |TAMS 0x000000070e800000, 0x000000070e800000| Untracked 
|  83|0x000000070ea00000, 0x000000070ea00000, 0x000000070ec00000|  0%| F|  |TAMS 0x000000070ea00000, 0x000000070ea00000| Untracked 
|  84|0x000000070ec00000, 0x000000070ec00000, 0x000000070ee00000|  0%| F|  |TAMS 0x000000070ec00000, 0x000000070ec00000| Untracked 
|  85|0x000000070ee00000, 0x000000070ee00000, 0x000000070f000000|  0%| F|  |TAMS 0x000000070ee00000, 0x000000070ee00000| Untracked 
|  86|0x000000070f000000, 0x000000070f000000, 0x000000070f200000|  0%| F|  |TAMS 0x000000070f000000, 0x000000070f000000| Untracked 
|  87|0x000000070f200000, 0x000000070f200000, 0x000000070f400000|  0%| F|  |TAMS 0x000000070f200000, 0x000000070f200000| Untracked 
|  88|0x000000070f400000, 0x000000070f400000, 0x000000070f600000|  0%| F|  |TAMS 0x000000070f400000, 0x000000070f400000| Untracked 
|  89|0x000000070f600000, 0x000000070f600000, 0x000000070f800000|  0%| F|  |TAMS 0x000000070f600000, 0x000000070f600000| Untracked 
|  90|0x000000070f800000, 0x000000070f800000, 0x000000070fa00000|  0%| F|  |TAMS 0x000000070f800000, 0x000000070f800000| Untracked 
|  91|0x000000070fa00000, 0x000000070fa00000, 0x000000070fc00000|  0%| F|  |TAMS 0x000000070fa00000, 0x000000070fa00000| Untracked 
|  92|0x000000070fc00000, 0x000000070fc00000, 0x000000070fe00000|  0%| F|  |TAMS 0x000000070fc00000, 0x000000070fc00000| Untracked 
|  93|0x000000070fe00000, 0x000000070fe00000, 0x0000000710000000|  0%| F|  |TAMS 0x000000070fe00000, 0x000000070fe00000| Untracked 
|  94|0x0000000710000000, 0x0000000710000000, 0x0000000710200000|  0%| F|  |TAMS 0x0000000710000000, 0x0000000710000000| Untracked 
|  95|0x0000000710200000, 0x0000000710200000, 0x0000000710400000|  0%| F|  |TAMS 0x0000000710200000, 0x0000000710200000| Untracked 
|  96|0x0000000710400000, 0x0000000710400000, 0x0000000710600000|  0%| F|  |TAMS 0x0000000710400000, 0x0000000710400000| Untracked 
|  97|0x0000000710600000, 0x0000000710600000, 0x0000000710800000|  0%| F|  |TAMS 0x0000000710600000, 0x0000000710600000| Untracked 
|  98|0x0000000710800000, 0x0000000710800000, 0x0000000710a00000|  0%| F|  |TAMS 0x0000000710800000, 0x0000000710800000| Untracked 
|  99|0x0000000710a00000, 0x0000000710a00000, 0x0000000710c00000|  0%| F|  |TAMS 0x0000000710a00000, 0x0000000710a00000| Untracked 
| 100|0x0000000710c00000, 0x0000000710c00000, 0x0000000710e00000|  0%| F|  |TAMS 0x0000000710c00000, 0x0000000710c00000| Untracked 
| 101|0x0000000710e00000, 0x0000000710e00000, 0x0000000711000000|  0%| F|  |TAMS 0x0000000710e00000, 0x0000000710e00000| Untracked 
| 102|0x0000000711000000, 0x0000000711000000, 0x0000000711200000|  0%| F|  |TAMS 0x0000000711000000, 0x0000000711000000| Untracked 
| 103|0x0000000711200000, 0x0000000711200000, 0x0000000711400000|  0%| F|  |TAMS 0x0000000711200000, 0x0000000711200000| Untracked 
| 104|0x0000000711400000, 0x0000000711400000, 0x0000000711600000|  0%| F|  |TAMS 0x0000000711400000, 0x0000000711400000| Untracked 
| 105|0x0000000711600000, 0x0000000711600000, 0x0000000711800000|  0%| F|  |TAMS 0x0000000711600000, 0x0000000711600000| Untracked 
| 106|0x0000000711800000, 0x0000000711800000, 0x0000000711a00000|  0%| F|  |TAMS 0x0000000711800000, 0x0000000711800000| Untracked 
| 107|0x0000000711a00000, 0x0000000711a00000, 0x0000000711c00000|  0%| F|  |TAMS 0x0000000711a00000, 0x0000000711a00000| Untracked 
| 108|0x0000000711c00000, 0x0000000711c00000, 0x0000000711e00000|  0%| F|  |TAMS 0x0000000711c00000, 0x0000000711c00000| Untracked 
| 109|0x0000000711e00000, 0x0000000711e00000, 0x0000000712000000|  0%| F|  |TAMS 0x0000000711e00000, 0x0000000711e00000| Untracked 
| 110|0x0000000712000000, 0x0000000712000000, 0x0000000712200000|  0%| F|  |TAMS 0x0000000712000000, 0x0000000712000000| Untracked 
| 111|0x0000000712200000, 0x00000007123e1c58, 0x0000000712400000| 94%| E|  |TAMS 0x0000000712200000, 0x0000000712200000| Complete 
| 112|0x0000000712400000, 0x00000007125885c0, 0x0000000712600000| 76%| S|CS|TAMS 0x0000000712400000, 0x0000000712400000| Complete 
| 113|0x0000000712600000, 0x0000000712800000, 0x0000000712800000|100%| E|CS|TAMS 0x0000000712600000, 0x0000000712600000| Complete 
| 114|0x0000000712800000, 0x0000000712a00000, 0x0000000712a00000|100%| E|CS|TAMS 0x0000000712800000, 0x0000000712800000| Complete 
| 115|0x0000000712a00000, 0x0000000712c00000, 0x0000000712c00000|100%| E|CS|TAMS 0x0000000712a00000, 0x0000000712a00000| Complete 
| 116|0x0000000712c00000, 0x0000000712e00000, 0x0000000712e00000|100%| E|CS|TAMS 0x0000000712c00000, 0x0000000712c00000| Complete 
| 117|0x0000000712e00000, 0x0000000713000000, 0x0000000713000000|100%| E|CS|TAMS 0x0000000712e00000, 0x0000000712e00000| Complete 
| 118|0x0000000713000000, 0x0000000713200000, 0x0000000713200000|100%| E|CS|TAMS 0x0000000713000000, 0x0000000713000000| Complete 
| 119|0x0000000713200000, 0x0000000713400000, 0x0000000713400000|100%| E|CS|TAMS 0x0000000713200000, 0x0000000713200000| Complete 
| 120|0x0000000713400000, 0x0000000713600000, 0x0000000713600000|100%| E|CS|TAMS 0x0000000713400000, 0x0000000713400000| Complete 
| 121|0x0000000713600000, 0x0000000713800000, 0x0000000713800000|100%| E|CS|TAMS 0x0000000713600000, 0x0000000713600000| Complete 
| 122|0x0000000713800000, 0x0000000713a00000, 0x0000000713a00000|100%| E|CS|TAMS 0x0000000713800000, 0x0000000713800000| Complete 
| 123|0x0000000713a00000, 0x0000000713c00000, 0x0000000713c00000|100%| E|CS|TAMS 0x0000000713a00000, 0x0000000713a00000| Complete 
| 124|0x0000000713c00000, 0x0000000713e00000, 0x0000000713e00000|100%| E|CS|TAMS 0x0000000713c00000, 0x0000000713c00000| Complete 
| 125|0x0000000713e00000, 0x0000000714000000, 0x0000000714000000|100%| E|CS|TAMS 0x0000000713e00000, 0x0000000713e00000| Complete 

Card table byte_map: [0x0000023ad7b30000,0x0000023ad8310000] _byte_map_base: 0x0000023ad430e000

Marking Bits (Prev, Next): (CMBitMap*) 0x0000023abe93d330, (CMBitMap*) 0x0000023abe93d370
 Prev Bits: [0x0000023ad8af0000, 0x0000023adc9e0000)
 Next Bits: [0x0000023adc9e0000, 0x0000023ae08d0000)

Polling page: 0x0000023abe740000

Metaspace:

Usage:
  Non-class:     13.78 MB used.
      Class:      2.02 MB used.
       Both:     15.80 MB used.

Virtual space:
  Non-class space:       64.00 MB reserved,      13.88 MB ( 22%) committed,  1 nodes.
      Class space:        1.00 GB reserved,       2.12 MB ( <1%) committed,  1 nodes.
             Both:        1.06 GB reserved,      16.00 MB (  1%) committed. 

Chunk freelists:
   Non-Class:  1.73 MB
       Class:  13.91 MB
        Both:  15.65 MB

MaxMetaspaceSize: unlimited
CompressedClassSpaceSize: 1.00 GB
Initial GC threshold: 21.00 MB
Current GC threshold: 21.00 MB
CDS: on
MetaspaceReclaimPolicy: balanced
 - commit_granule_bytes: 65536.
 - commit_granule_words: 8192.
 - virtual_space_node_default_size: 8388608.
 - enlarge_chunks_in_place: 1.
 - new_chunks_are_fully_committed: 0.
 - uncommit_free_chunks: 1.
 - use_allocation_guard: 0.
 - handle_deallocations: 1.


Internal statistics:

num_allocs_failed_limit: 0.
num_arena_births: 198.
num_arena_deaths: 0.
num_vsnodes_births: 2.
num_vsnodes_deaths: 0.
num_space_committed: 256.
num_space_uncommitted: 0.
num_chunks_returned_to_freelist: 0.
num_chunks_taken_from_freelist: 688.
num_chunk_merges: 0.
num_chunk_splits: 487.
num_chunks_enlarged: 382.
num_purges: 0.
num_inconsistent_stats: 0.

CodeHeap 'non-profiled nmethods': size=120000Kb used=919Kb max_used=919Kb free=119080Kb
 bounds [0x0000023acf3c0000, 0x0000023acf630000, 0x0000023ad68f0000]
CodeHeap 'profiled nmethods': size=120000Kb used=3946Kb max_used=3946Kb free=116053Kb
 bounds [0x0000023ac78f0000, 0x0000023ac7cd0000, 0x0000023acee20000]
CodeHeap 'non-nmethods': size=5760Kb used=1212Kb max_used=1244Kb free=4547Kb
 bounds [0x0000023acee20000, 0x0000023acf090000, 0x0000023acf3c0000]
 total_blobs=2561 nmethods=2062 adapters=411
 compilation: enabled
              stopped_count=0, restarted_count=0
 full_count=0

Compilation events (20 events):
Event: 3.373 Thread 0x0000023ae3427b30 nmethod 1898 0x0000023ac7c64110 code [0x0000023ac7c642a0, 0x0000023ac7c643b8]
Event: 3.373 Thread 0x0000023ae3427b30 1899       3       jdk.internal.org.objectweb.asm.Frame::getConcreteOutputType (111 bytes)
Event: 3.374 Thread 0x0000023ae3423540 1900       4       java.util.ArrayList$Itr::hasNext (20 bytes)
Event: 3.374 Thread 0x0000023ae3427b30 nmethod 1899 0x0000023ac7c64490 code [0x0000023ac7c64640, 0x0000023ac7c64a38]
Event: 3.374 Thread 0x0000023ae3423540 nmethod 1900 0x0000023acf490a90 code [0x0000023acf490c00, 0x0000023acf490c98]
Event: 3.375 Thread 0x0000023ae3427b30 1901       3       java.util.concurrent.ConcurrentHashMap::get (162 bytes)
Event: 3.376 Thread 0x0000023ae3427b30 nmethod 1901 0x0000023ac7c64b90 code [0x0000023ac7c64de0, 0x0000023ac7c658e8]
Event: 3.376 Thread 0x0000023ae3427b30 1903       3       java.util.stream.AbstractPipeline::wrapAndCopyInto (18 bytes)
Event: 3.376 Thread 0x0000023ae3427b30 nmethod 1903 0x0000023ac7c65c10 code [0x0000023ac7c65de0, 0x0000023ac7c661e8]
Event: 3.376 Thread 0x0000023ae3427b30 1904       3       java.util.stream.AbstractPipeline::copyInto (54 bytes)
Event: 3.377 Thread 0x0000023ae3427b30 nmethod 1904 0x0000023ac7c66390 code [0x0000023ac7c665c0, 0x0000023ac7c66cf8]
Event: 3.377 Thread 0x0000023ae3427b30 1902       3       java.lang.Module::allows (60 bytes)
Event: 3.377 Thread 0x0000023ae3427b30 nmethod 1902 0x0000023ac7c66f10 code [0x0000023ac7c67100, 0x0000023ac7c67748]
Event: 3.377 Thread 0x0000023ae3427b30 1905       3       java.util.LinkedHashMap::<init> (10 bytes)
Event: 3.377 Thread 0x0000023ae3427b30 nmethod 1905 0x0000023ac7c67890 code [0x0000023ac7c67a40, 0x0000023ac7c67c78]
Event: 3.377 Thread 0x0000023ae3427b30 1906       1       java.lang.reflect.Method::getRoot (5 bytes)
Event: 3.377 Thread 0x0000023ae3427b30 nmethod 1906 0x0000023acf490d90 code [0x0000023acf490f20, 0x0000023acf490ff8]
Event: 3.377 Thread 0x0000023ae3427b30 1907       3       java.nio.ByteBuffer::limit (8 bytes)
Event: 3.377 Thread 0x0000023ae3427b30 nmethod 1907 0x0000023ac7c67d90 code [0x0000023ac7c67f20, 0x0000023ac7c68068]
Event: 3.378 Thread 0x0000023ae3423540 1908       4       java.util.HashSet::add (20 bytes)

GC Heap History (4 events):
Event: 2.606 GC heap before
{Heap before GC invocations=0 (full 0):
 garbage-first heap   total 258048K, used 20480K [0x0000000704400000, 0x0000000800000000)
  region size 2048K, 11 young (22528K), 0 survivors (0K)
 Metaspace       used 4952K, committed 5184K, reserved 1114112K
  class space    used 541K, committed 640K, reserved 1048576K
}
Event: 2.610 GC heap after
{Heap after GC invocations=1 (full 0):
 garbage-first heap   total 258048K, used 8015K [0x0000000704400000, 0x0000000800000000)
  region size 2048K, 2 young (4096K), 2 survivors (4096K)
 Metaspace       used 4952K, committed 5184K, reserved 1114112K
  class space    used 541K, committed 640K, reserved 1048576K
}
Event: 3.144 GC heap before
{Heap before GC invocations=1 (full 0):
 garbage-first heap   total 258048K, used 30543K [0x0000000704400000, 0x0000000800000000)
  region size 2048K, 13 young (26624K), 2 survivors (4096K)
 Metaspace       used 9872K, committed 10112K, reserved 1114112K
  class space    used 1226K, committed 1344K, reserved 1048576K
}
Event: 3.148 GC heap after
{Heap after GC invocations=2 (full 0):
 garbage-first heap   total 258048K, used 9169K [0x0000000704400000, 0x0000000800000000)
  region size 2048K, 1 young (2048K), 1 survivors (2048K)
 Metaspace       used 9872K, committed 10112K, reserved 1114112K
  class space    used 1226K, committed 1344K, reserved 1048576K
}

Deoptimization events (20 events):
Event: 3.373 Thread 0x0000023b2a14f3a0 Uncommon trap: trap_request=0xffffff45 fr.pc=0x0000023acf424c04 relative=0x0000000000000264
Event: 3.373 Thread 0x0000023b2a14f3a0 Uncommon trap: reason=unstable_if action=reinterpret pc=0x0000023acf424c04 method=java.util.concurrent.ConcurrentHashMap.get(Ljava/lang/Object;)Ljava/lang/Object; @ 76 c2
Event: 3.373 Thread 0x0000023b2a14f3a0 DEOPT PACKING pc=0x0000023acf424c04 sp=0x0000009051afdf10
Event: 3.373 Thread 0x0000023b2a14f3a0 DEOPT UNPACKING pc=0x0000023acee75ba3 sp=0x0000009051afde88 mode 2
Event: 3.377 Thread 0x0000023b2a14f3a0 Uncommon trap: trap_request=0xffffffc6 fr.pc=0x0000023acf48d70c relative=0x0000000000001a6c
Event: 3.377 Thread 0x0000023b2a14f3a0 Uncommon trap: reason=bimorphic_or_optimized_type_check action=maybe_recompile pc=0x0000023acf48d70c method=java.util.HashMap.putVal(ILjava/lang/Object;Ljava/lang/Object;ZZ)Ljava/lang/Object; @ 91 c2
Event: 3.377 Thread 0x0000023b2a14f3a0 DEOPT PACKING pc=0x0000023acf48d70c sp=0x0000009051afee80
Event: 3.377 Thread 0x0000023b2a14f3a0 DEOPT UNPACKING pc=0x0000023acee75ba3 sp=0x0000009051afed38 mode 2
Event: 3.378 Thread 0x0000023b2a14f3a0 Uncommon trap: trap_request=0xffffffc6 fr.pc=0x0000023acf48d70c relative=0x0000000000001a6c
Event: 3.378 Thread 0x0000023b2a14f3a0 Uncommon trap: reason=bimorphic_or_optimized_type_check action=maybe_recompile pc=0x0000023acf48d70c method=java.util.HashMap.putVal(ILjava/lang/Object;Ljava/lang/Object;ZZ)Ljava/lang/Object; @ 91 c2
Event: 3.378 Thread 0x0000023b2a14f3a0 DEOPT PACKING pc=0x0000023acf48d70c sp=0x0000009051afee80
Event: 3.378 Thread 0x0000023b2a14f3a0 DEOPT UNPACKING pc=0x0000023acee75ba3 sp=0x0000009051afed38 mode 2
Event: 3.379 Thread 0x0000023b2a14f3a0 Uncommon trap: trap_request=0xffffffc6 fr.pc=0x0000023acf4543a8 relative=0x0000000000000828
Event: 3.379 Thread 0x0000023b2a14f3a0 Uncommon trap: reason=bimorphic_or_optimized_type_check action=maybe_recompile pc=0x0000023acf4543a8 method=java.util.HashMap.putVal(ILjava/lang/Object;Ljava/lang/Object;ZZ)Ljava/lang/Object; @ 91 c2
Event: 3.379 Thread 0x0000023b2a14f3a0 DEOPT PACKING pc=0x0000023acf4543a8 sp=0x0000009051afec90
Event: 3.379 Thread 0x0000023b2a14f3a0 DEOPT UNPACKING pc=0x0000023acee75ba3 sp=0x0000009051afebb8 mode 2
Event: 3.379 Thread 0x0000023b2a14f3a0 Uncommon trap: trap_request=0xffffffc6 fr.pc=0x0000023acf4563b4 relative=0x00000000000007b4
Event: 3.379 Thread 0x0000023b2a14f3a0 Uncommon trap: reason=bimorphic_or_optimized_type_check action=maybe_recompile pc=0x0000023acf4563b4 method=java.util.HashMap.putVal(ILjava/lang/Object;Ljava/lang/Object;ZZ)Ljava/lang/Object; @ 91 c2
Event: 3.379 Thread 0x0000023b2a14f3a0 DEOPT PACKING pc=0x0000023acf4563b4 sp=0x0000009051afec00
Event: 3.379 Thread 0x0000023b2a14f3a0 DEOPT UNPACKING pc=0x0000023acee75ba3 sp=0x0000009051afebb0 mode 2

Classes unloaded (0 events):
No events

Classes redefined (0 events):
No events

Internal exceptions (20 events):
Event: 2.875 Thread 0x0000023b29a4ec90 Exception <a 'java/lang/NoSuchMethodError'{0x000000071353ca88}: 'java.lang.Object java.lang.invoke.DirectMethodHandle$Holder.newInvokeSpecial(java.lang.Object, java.lang.Object, java.lang.Object, java.lang.Object, java.lang.Object, java.lang.Object, int)'> (0x000000071353ca88) 
thrown [s\open\src\hotspot\share\interpreter\linkResolver.cpp, line 759]
Event: 2.875 Thread 0x0000023b29a4ec90 Exception <a 'java/lang/NoSuchMethodError'{0x0000000713541ac8}: 'java.lang.Object java.lang.invoke.DirectMethodHandle$Holder.invokeSpecial(java.lang.Object, java.lang.Object, java.lang.Object, java.lang.Object, java.lang.Object, java.lang.Object, java.lang.Object, int)'> (0x0000000713541ac8) 
thrown [s\open\src\hotspot\share\interpreter\linkResolver.cpp, line 759]
Event: 2.911 Thread 0x0000023b29a4ec90 Exception <a 'java/lang/NoSuchMethodError'{0x000000071327b3e0}: 'int java.lang.invoke.DirectMethodHandle$Holder.invokeInterface(java.lang.Object, java.lang.Object)'> (0x000000071327b3e0) 
thrown [s\open\src\hotspot\share\interpreter\linkResolver.cpp, line 759]
Event: 2.952 Thread 0x0000023b29a4ec90 Exception <a 'java/lang/NoSuchMethodError'{0x00000007133966d0}: 'java.lang.Object java.lang.invoke.DirectMethodHandle$Holder.invokeSpecial(java.lang.Object, java.lang.Object, java.lang.Object, int, java.lang.Object)'> (0x00000007133966d0) 
thrown [s\open\src\hotspot\share\interpreter\linkResolver.cpp, line 759]
Event: 2.953 Thread 0x0000023b29a4ec90 Exception <a 'java/lang/NoSuchMethodError'{0x000000071339f008}: 'java.lang.Object java.lang.invoke.DirectMethodHandle$Holder.newInvokeSpecial(java.lang.Object, java.lang.Object, java.lang.Object, int, java.lang.Object)'> (0x000000071339f008) 
thrown [s\open\src\hotspot\share\interpreter\linkResolver.cpp, line 759]
Event: 2.954 Thread 0x0000023b29a4ec90 Exception <a 'java/lang/NoSuchMethodError'{0x00000007133a9928}: 'java.lang.Object java.lang.invoke.Invokers$Holder.linkToTargetMethod(java.lang.Object, java.lang.Object, int, java.lang.Object, java.lang.Object)'> (0x00000007133a9928) 
thrown [s\open\src\hotspot\share\interpreter\linkResolver.cpp, line 759]
Event: 2.956 Thread 0x0000023b29a4ec90 Exception <a 'java/lang/NoSuchMethodError'{0x00000007133b91e0}: 'java.lang.Object java.lang.invoke.DirectMethodHandle$Holder.newInvokeSpecial(java.lang.Object, int, java.lang.Object)'> (0x00000007133b91e0) 
thrown [s\open\src\hotspot\share\interpreter\linkResolver.cpp, line 759]
Event: 2.956 Thread 0x0000023b29a4ec90 Exception <a 'java/lang/NoSuchMethodError'{0x00000007133bdec0}: 'int java.lang.invoke.DirectMethodHandle$Holder.invokeSpecialIFC(java.lang.Object, java.lang.Object, java.lang.Object, java.lang.Object)'> (0x00000007133bdec0) 
thrown [s\open\src\hotspot\share\interpreter\linkResolver.cpp, line 759]
Event: 2.976 Thread 0x0000023b29a4ec90 Exception <a 'java/lang/NoSuchMethodError'{0x000000071308d3e8}: 'void java.lang.invoke.DirectMethodHandle$Holder.invokeInterface(java.lang.Object, java.lang.Object, java.lang.Object)'> (0x000000071308d3e8) 
thrown [s\open\src\hotspot\share\interpreter\linkResolver.cpp, line 759]
Event: 3.001 Thread 0x0000023b29a4ec90 Exception <a 'java/lang/NoSuchMethodError'{0x000000071314a3b0}: 'void java.lang.invoke.DirectMethodHandle$Holder.invokeStaticInit(java.lang.Object, java.lang.Object, java.lang.Object)'> (0x000000071314a3b0) 
thrown [s\open\src\hotspot\share\interpreter\linkResolver.cpp, line 759]
Event: 3.008 Thread 0x0000023b29a4ec90 Exception <a 'java/lang/NoSuchMethodError'{0x0000000713191d78}: 'java.lang.Object java.lang.invoke.DirectMethodHandle$Holder.invokeStatic(java.lang.Object, java.lang.Object, long, java.lang.Object)'> (0x0000000713191d78) 
thrown [s\open\src\hotspot\share\interpreter\linkResolver.cpp, line 759]
Event: 3.009 Thread 0x0000023b29a4ec90 Exception <a 'java/lang/NoSuchMethodError'{0x0000000713195810}: 'java.lang.Object java.lang.invoke.DirectMethodHandle$Holder.invokeStaticInit(java.lang.Object, java.lang.Object, long, java.lang.Object)'> (0x0000000713195810) 
thrown [s\open\src\hotspot\share\interpreter\linkResolver.cpp, line 759]
Event: 3.009 Thread 0x0000023b29a4ec90 Exception <a 'java/lang/NoSuchMethodError'{0x000000071319bf18}: 'java.lang.Object java.lang.invoke.DirectMethodHandle$Holder.newInvokeSpecial(java.lang.Object, java.lang.Object, long)'> (0x000000071319bf18) 
thrown [s\open\src\hotspot\share\interpreter\linkResolver.cpp, line 759]
Event: 3.009 Thread 0x0000023b29a4ec90 Exception <a 'java/lang/NoSuchMethodError'{0x000000071319fa88}: 'java.lang.Object java.lang.invoke.Invokers$Holder.linkToTargetMethod(java.lang.Object, long, java.lang.Object)'> (0x000000071319fa88) 
thrown [s\open\src\hotspot\share\interpreter\linkResolver.cpp, line 759]
Event: 3.032 Thread 0x0000023b29a4ec90 Exception <a 'java/lang/NoSuchMethodError'{0x00000007131f8910}: 'void java.lang.invoke.DirectMethodHandle$Holder.invokeSpecial(java.lang.Object, java.lang.Object, java.lang.Object, java.lang.Object, java.lang.Object)'> (0x00000007131f8910) 
thrown [s\open\src\hotspot\share\interpreter\linkResolver.cpp, line 759]
Event: 3.033 Thread 0x0000023b29a4ec90 Exception <a 'java/lang/NoSuchMethodError'{0x0000000712e019f0}: 'void java.lang.invoke.DirectMethodHandle$Holder.invokeVirtual(java.lang.Object, java.lang.Object, java.lang.Object, java.lang.Object)'> (0x0000000712e019f0) 
thrown [s\open\src\hotspot\share\interpreter\linkResolver.cpp, line 759]
Event: 3.076 Thread 0x0000023b29a4ec90 Exception <a 'java/lang/NoSuchMethodError'{0x0000000712f9fdc0}: 'void java.lang.invoke.DirectMethodHandle$Holder.invokeSpecial(java.lang.Object, java.lang.Object, java.lang.Object)'> (0x0000000712f9fdc0) 
thrown [s\open\src\hotspot\share\interpreter\linkResolver.cpp, line 759]
Event: 3.079 Thread 0x0000023b29a4ec90 Exception <a 'java/lang/NoSuchMethodError'{0x0000000712fb9178}: 'java.lang.Object java.lang.invoke.DirectMethodHandle$Holder.invokeVirtual(java.lang.Object, java.lang.Object, java.lang.Object)'> (0x0000000712fb9178) 
thrown [s\open\src\hotspot\share\interpreter\linkResolver.cpp, line 759]
Event: 3.103 Thread 0x0000023b29a4ec90 Exception <a 'java/lang/NoSuchMethodError'{0x0000000712c94a60}: 'void java.lang.invoke.DirectMethodHandle$Holder.invokeStatic(java.lang.Object, java.lang.Object, int)'> (0x0000000712c94a60) 
thrown [s\open\src\hotspot\share\interpreter\linkResolver.cpp, line 759]
Event: 3.111 Thread 0x0000023b29a4ec90 Exception <a 'java/lang/IncompatibleClassChangeError'{0x0000000712cca4c0}: Found class java.lang.Object, but interface was expected> (0x0000000712cca4c0) 
thrown [s\open\src\hotspot\share\interpreter\linkResolver.cpp, line 826]

VM Operations (20 events):
Event: 2.440 Executing VM operation: HandshakeAllThreads
Event: 2.440 Executing VM operation: HandshakeAllThreads done
Event: 2.606 Executing VM operation: G1CollectForAllocation
Event: 2.610 Executing VM operation: G1CollectForAllocation done
Event: 2.724 Executing VM operation: HandshakeAllThreads
Event: 2.724 Executing VM operation: HandshakeAllThreads done
Event: 2.925 Executing VM operation: HandshakeAllThreads
Event: 2.925 Executing VM operation: HandshakeAllThreads done
Event: 2.972 Executing VM operation: HandshakeAllThreads
Event: 2.972 Executing VM operation: HandshakeAllThreads done
Event: 3.047 Executing VM operation: ICBufferFull
Event: 3.047 Executing VM operation: ICBufferFull done
Event: 3.073 Executing VM operation: HandshakeAllThreads
Event: 3.073 Executing VM operation: HandshakeAllThreads done
Event: 3.073 Executing VM operation: HandshakeAllThreads
Event: 3.073 Executing VM operation: HandshakeAllThreads done
Event: 3.144 Executing VM operation: G1CollectForAllocation
Event: 3.148 Executing VM operation: G1CollectForAllocation done
Event: 3.316 Executing VM operation: HandshakeAllThreads
Event: 3.316 Executing VM operation: HandshakeAllThreads done

Events (20 events):
Event: 3.370 loading class sun/reflect/generics/scope/MethodScope
Event: 3.370 loading class sun/reflect/generics/scope/MethodScope done
Event: 3.370 loading class sun/reflect/generics/repository/MethodRepository
Event: 3.370 loading class sun/reflect/generics/repository/MethodRepository done
Event: 3.370 loading class com/sun/beans/WildcardTypeImpl
Event: 3.370 loading class com/sun/beans/WildcardTypeImpl done
Event: 3.371 loading class java/util/AbstractList$ListItr
Event: 3.371 loading class java/util/AbstractList$Itr
Event: 3.371 loading class java/util/AbstractList$Itr done
Event: 3.371 loading class java/util/AbstractList$ListItr done
Event: 3.372 loading class jdk/internal/vm/annotation/IntrinsicCandidate
Event: 3.373 loading class jdk/internal/vm/annotation/IntrinsicCandidate done
Event: 3.376 loading class sun/reflect/annotation/AnnotatedTypeFactory$AnnotatedParameterizedTypeImpl
Event: 3.376 loading class sun/reflect/annotation/AnnotatedTypeFactory$AnnotatedParameterizedTypeImpl done
Event: 3.376 loading class sun/reflect/annotation/AnnotatedTypeFactory$AnnotatedWildcardTypeImpl
Event: 3.377 loading class java/lang/reflect/AnnotatedWildcardType
Event: 3.377 loading class java/lang/reflect/AnnotatedWildcardType done
Event: 3.377 loading class sun/reflect/annotation/AnnotatedTypeFactory$AnnotatedWildcardTypeImpl done
Event: 3.377 loading class sun/reflect/misc/ReflectUtil
Event: 3.377 loading class sun/reflect/misc/ReflectUtil done


Dynamic libraries:
0x00007ff602a90000 - 0x00007ff602aa0000 	D:\Java\Java\jdk-17\bin\java.exe
0x00007ffa49030000 - 0x00007ffa49228000 	C:\Windows\SYSTEM32\ntdll.dll
0x00007ffa48e10000 - 0x00007ffa48ecd000 	C:\Windows\System32\KERNEL32.DLL
0x00007ffa46ab0000 - 0x00007ffa46da6000 	C:\Windows\System32\KERNELBASE.dll
0x0000000067640000 - 0x00000000676d3000 	C:\Windows\System32\SYSFER.DLL
0x00007ffa46910000 - 0x00007ffa46a10000 	C:\Windows\System32\ucrtbase.dll
0x00007ffa40d00000 - 0x00007ffa40d19000 	D:\Java\Java\jdk-17\bin\jli.dll
0x00007ffa37830000 - 0x00007ffa3784b000 	D:\Java\Java\jdk-17\bin\VCRUNTIME140.dll
0x00007ffa48620000 - 0x00007ffa486d0000 	C:\Windows\System32\ADVAPI32.dll
0x00007ffa48b20000 - 0x00007ffa48bbe000 	C:\Windows\System32\msvcrt.dll
0x00007ffa48f50000 - 0x00007ffa48ff0000 	C:\Windows\System32\sechost.dll
0x00007ffa486d0000 - 0x00007ffa487f5000 	C:\Windows\System32\RPCRT4.dll
0x00007ffa468e0000 - 0x00007ffa46907000 	C:\Windows\System32\bcrypt.dll
0x00007ffa477c0000 - 0x00007ffa4795e000 	C:\Windows\System32\USER32.dll
0x00007ffa46a10000 - 0x00007ffa46a32000 	C:\Windows\System32\win32u.dll
0x00007ffa48930000 - 0x00007ffa4895b000 	C:\Windows\System32\GDI32.dll
0x00007ffa46e00000 - 0x00007ffa46f17000 	C:\Windows\System32\gdi32full.dll
0x00007ffa466e0000 - 0x00007ffa4677d000 	C:\Windows\System32\msvcp_win.dll
0x00007ffa39d30000 - 0x00007ffa39fca000 	C:\Windows\WinSxS\amd64_microsoft.windows.common-controls_6595b64144ccf1df_6.0.19041.3636_none_60b6a03d71f818d5\COMCTL32.dll
0x00007ffa3f1e0000 - 0x00007ffa3f1ea000 	C:\Windows\SYSTEM32\VERSION.dll
0x00007ffa48540000 - 0x00007ffa48572000 	C:\Windows\System32\IMM32.DLL
0x00007ffa3d150000 - 0x00007ffa3d15c000 	D:\Java\Java\jdk-17\bin\vcruntime140_1.dll
0x00007ffa2dd10000 - 0x00007ffa2dd9e000 	D:\Java\Java\jdk-17\bin\msvcp140.dll
0x00007ff9c2250000 - 0x00007ff9c2e2e000 	D:\Java\Java\jdk-17\bin\server\jvm.dll
0x00007ffa48580000 - 0x00007ffa48588000 	C:\Windows\System32\PSAPI.DLL
0x00007ffa2b130000 - 0x00007ffa2b139000 	C:\Windows\SYSTEM32\WSOCK32.dll
0x00007ffa47750000 - 0x00007ffa477bb000 	C:\Windows\System32\WS2_32.dll
0x00007ffa43870000 - 0x00007ffa43897000 	C:\Windows\SYSTEM32\WINMM.dll
0x00007ffa44d40000 - 0x00007ffa44d52000 	C:\Windows\SYSTEM32\kernel.appcore.dll
0x00007ffa37820000 - 0x00007ffa3782a000 	D:\Java\Java\jdk-17\bin\jimage.dll
0x00007ffa44a40000 - 0x00007ffa44c24000 	C:\Windows\SYSTEM32\DBGHELP.DLL
0x00007ffa437f0000 - 0x00007ffa43824000 	C:\Windows\SYSTEM32\dbgcore.DLL
0x00007ffa46fd0000 - 0x00007ffa47052000 	C:\Windows\System32\bcryptPrimitives.dll
0x00007ffa375d0000 - 0x00007ffa375de000 	D:\Java\Java\jdk-17\bin\instrument.dll
0x00007ffa31530000 - 0x00007ffa31555000 	D:\Java\Java\jdk-17\bin\java.dll
0x00007ffa0b120000 - 0x00007ffa0b1f7000 	D:\Java\Java\jdk-17\bin\jsvml.dll
0x00007ffa47960000 - 0x00007ffa480cb000 	C:\Windows\System32\SHELL32.dll
0x00007ffa442a0000 - 0x00007ffa44a3e000 	C:\Windows\SYSTEM32\windows.storage.dll
0x00007ffa473f0000 - 0x00007ffa47743000 	C:\Windows\System32\combase.dll
0x00007ffa46110000 - 0x00007ffa4613e000 	C:\Windows\SYSTEM32\Wldp.dll
0x00007ffa48860000 - 0x00007ffa4892d000 	C:\Windows\System32\OLEAUT32.dll
0x00007ffa48c40000 - 0x00007ffa48ced000 	C:\Windows\System32\SHCORE.dll
0x00007ffa48ef0000 - 0x00007ffa48f45000 	C:\Windows\System32\shlwapi.dll
0x00007ffa46610000 - 0x00007ffa46635000 	C:\Windows\SYSTEM32\profapi.dll
0x00007ffa2fec0000 - 0x00007ffa2fed8000 	D:\Java\Java\jdk-17\bin\zip.dll
0x00007ffa34e20000 - 0x00007ffa34e39000 	D:\Java\Java\jdk-17\bin\net.dll
0x00007ffa456b0000 - 0x00007ffa457ba000 	C:\Windows\SYSTEM32\WINHTTP.dll
0x00007ffa45e70000 - 0x00007ffa45eda000 	C:\Windows\system32\mswsock.dll
0x00007ffa31510000 - 0x00007ffa31526000 	D:\Java\Java\jdk-17\bin\nio.dll
0x00007ffa34e80000 - 0x00007ffa34e9a000 	C:\Program Files\JetBrains\IntelliJ IDEA Community Edition 2023.3.1\bin\breakgen64.dll
0x00007ffa40390000 - 0x00007ffa4039a000 	D:\Java\Java\jdk-17\bin\management.dll
0x00007ffa3d9b0000 - 0x00007ffa3d9bb000 	D:\Java\Java\jdk-17\bin\management_ext.dll
0x00007ffa2e730000 - 0x00007ffa2e740000 	D:\Java\Java\jdk-17\bin\verify.dll

dbghelp: loaded successfully - version: 4.0.5 - missing functions: none
symbol engine: initialized successfully - sym options: 0x614 - pdb path: .;D:\Java\Java\jdk-17\bin;C:\Windows\SYSTEM32;C:\Windows\WinSxS\amd64_microsoft.windows.common-controls_6595b64144ccf1df_6.0.19041.3636_none_60b6a03d71f818d5;D:\Java\Java\jdk-17\bin\server;C:\Program Files\JetBrains\IntelliJ IDEA Community Edition 2023.3.1\bin

VM Arguments:
jvm_args: -javaagent:C:\Program Files\JetBrains\IntelliJ IDEA Community Edition 2023.3.1\lib\idea_rt.jar=61304:C:\Program Files\JetBrains\IntelliJ IDEA Community Edition 2023.3.1\bin -Dfile.encoding=UTF-8 
java_command: com.shoppingmall.toyproject_one.ToyprojectOneApplication
java_class_path (initial): D:\Java\1. toyproject_one\out\production\classes;D:\Java\1. toyproject_one\out\production\resources;C:\Users\han.ej\.gradle\caches\modules-2\files-2.1\org.springframework.boot\spring-boot-starter-data-jpa\3.2.2\65cf3aad09f0218b7dfab849c9b0350d0a9e0d81\spring-boot-starter-data-jpa-3.2.2.jar;C:\Users\han.ej\.gradle\caches\modules-2\files-2.1\org.springframework.boot\spring-boot-starter-thymeleaf\3.2.2\d1895c9a600547d53dddfff7c57ab7838df5d65\spring-boot-starter-thymeleaf-3.2.2.jar;C:\Users\han.ej\.gradle\caches\modules-2\files-2.1\org.springframework.boot\spring-boot-starter-web\3.2.2\b89d213d9f49c3e6247b2503ac7d94b0ac8260f6\spring-boot-starter-web-3.2.2.jar;C:\Users\han.ej\.gradle\caches\modules-2\files-2.1\org.springframework.boot\spring-boot-starter-validation\3.2.2\faedd363ffbafde6a23bc7183ce79de11a96e780\spring-boot-starter-validation-3.2.2.jar;C:\Users\han.ej\.gradle\caches\modules-2\files-2.1\org.modelmapper\modelmapper\2.4.2\89454c27642df3de1c5e6fc8986de4d4ce17c1a8\modelmapper-2.4.2.jar;C:\Users\han.ej\.gradle\caches\modules-2\files-2.1\com.querydsl\querydsl-jpa\5.0.0\2d66608cb2cbcde56290e49f2918960cc17fcb09\querydsl-jpa-5.0.0.jar;C:\Users\han.ej\.gradle\caches\modules-2\files-2.1\com.querydsl\querydsl-apt\5.0.0\fa5554c395bdcbe9846242824857a82874ad3223\querydsl-apt-5.0.0.jar;C:\Users\han.ej\.gradle\caches\modules-2\files-2.1\org.springframework.boot\spring-boot-starter-aop\3.2.2\f01ecef0ce5f8d5631890a0c456a88a72323b569\spring-boot-starter-aop-3.2.2.jar;C:\Users\han.ej\.gradle\caches\modules-2\files-2.1\org.springframework.boot\spring-boot-starter-jdbc\3.2.2\22ffda6938dca5f584c8b1b64e4e9096e8302c1e\spring-boot-starter-jdbc-3.2.2.jar;C:\Users\han.ej\.gradle\caches\modules-2\files-2.1\org.hibernate.orm\hibernate-core\6.4.1.Final\3dcefddf6609e6491d37208bcc0cab1273598cbd\hibernate-core-6.4.1.Final.jar;C:\Users\han.ej\.gradle\caches\modules-2\files-2.1\org.springframework.data\spring-data-jpa\3.2.2\f91a3896c2a6139ac1da1fd8ff4350ca4b0e409e
Launcher Type: SUN_STANDARD

[Global flags]
     intx CICompilerCount                          = 4                                         {product} {ergonomic}
     uint ConcGCThreads                            = 2                                         {product} {ergonomic}
     uint G1ConcRefinementThreads                  = 8                                         {product} {ergonomic}
   size_t G1HeapRegionSize                         = 2097152                                   {product} {ergonomic}
    uintx GCDrainStackTargetSize                   = 64                                        {product} {ergonomic}
   size_t InitialHeapSize                          = 264241152                                 {product} {ergonomic}
   size_t MarkStackSize                            = 4194304                                   {product} {ergonomic}
   size_t MaxHeapSize                              = 4223664128                                {product} {ergonomic}
   size_t MaxNewSize                               = 2533359616                                {product} {ergonomic}
   size_t MinHeapDeltaBytes                        = 2097152                                   {product} {ergonomic}
   size_t MinHeapSize                              = 8388608                                   {product} {ergonomic}
    uintx NonNMethodCodeHeapSize                   = 5839372                                {pd product} {ergonomic}
    uintx NonProfiledCodeHeapSize                  = 122909434                              {pd product} {ergonomic}
    uintx ProfiledCodeHeapSize                     = 122909434                              {pd product} {ergonomic}
    uintx ReservedCodeCacheSize                    = 251658240                              {pd product} {ergonomic}
     bool SegmentedCodeCache                       = true                                      {product} {ergonomic}
   size_t SoftMaxHeapSize                          = 4223664128                             {manageable} {ergonomic}
     bool UseCompressedClassPointers               = true                           {product lp64_product} {ergonomic}
     bool UseCompressedOops                        = true                           {product lp64_product} {ergonomic}
     bool UseG1GC                                  = true                                      {product} {ergonomic}
     bool UseLargePagesIndividualAllocation        = false                                  {pd product} {ergonomic}

Logging:
Log output configuration:
 #0: stdout all=warning uptime,level,tags
 #1: stderr all=off uptime,level,tags

Environment Variables:
JAVA_HOME=D:\Java\Java\jdk-17
CLASSPATH=C:\Program Files\Amazon Corretto\jdk17.0.9_8lib
PATH=C:\Program Files\Amazon Corretto\jdk17.0.9_8\bin;C:\Windows\system32;C:\Windows;C:\Windows\System32\Wbem;C:\Windows\System32\WindowsPowerShell\v1.0\;C:\Windows\System32\OpenSSH\;C:\Program Files (x86)\Microsoft SQL Server\160\Tools\Binn\;C:\Program Files\Microsoft SQL Server\160\Tools\Binn\;C:\Program Files\Microsoft SQL Server\Client SDK\ODBC\170\Tools\Binn\;C:\Program Files\Microsoft SQL Server\160\DTS\Binn\;C:\Program Files\Azure Data Studio\bin;C:\Program Files\Amazon Corretto\jdk17.0.9_8\bin;D:\Java\Java\apache-maven-3.9.5\bin;C:\Program Files\Git\cmd;C:\Users\han.ej\AppData\Local\Microsoft\WindowsApps;C:\Program Files\Azure Data Studio\bin;C:\Users\han.ej\AppData\Local\Programs\Microsoft VS Code\bin;C:\Users\han.ej\AppData\Local\anaconda3;C:\Users\han.ej\AppData\Local\anaconda3\Library;C:\Users\han.ej\AppData\Local\anaconda3\Scripts;C:\Users\han.ej\AppData\Local\Packages\PythonSoftwareFoundation.Python.3.11_qbz5n2kfra8p0\LocalCache\local-packages\Python311\Scripts;D:\Java\Java\jdk-17\bin;D:\Java\Java\apache-maven-3.9.5\bin;C:\Program Files\MariaDB 11.4\bin;
USERNAME=han.ej
OS=Windows_NT
PROCESSOR_IDENTIFIER=Intel64 Family 6 Model 140 Stepping 1, GenuineIntel



---------------  S Y S T E M  ---------------

OS:
 Windows 10 , 64 bit Build 19041 (10.0.19041.3636)
OS uptime: 14 days 12:48 hours

CPU: total 8 (initial active 8) (4 cores per cpu, 2 threads per core) family 6 model 140 stepping 1 microcode 0x9a, cx8, cmov, fxsr, ht, mmx, 3dnowpref, sse, sse2, sse3, ssse3, sse4.1, sse4.2, popcnt, lzcnt, tsc, tscinvbit, avx, avx2, aes, erms, clmul, bmi1, bmi2, adx, avx512f, avx512dq, avx512cd, avx512bw, avx512vl, sha, fma, vzeroupper, avx512_vpopcntdq, avx512_vpclmulqdq, avx512_vaes, avx512_vnni, clflush, clflushopt, clwb, avx512_vbmi2, avx512_vbmi

Memory: 4k page, system-wide physical 16108M (1067M free)
TotalPageFile size 53527M (AvailPageFile size 1M)
current process WorkingSet (physical memory assigned to process): 124M, peak: 124M
current process commit charge ("private bytes"): 388M, peak: 389M

vm_info: Java HotSpot(TM) 64-Bit Server VM (17.0.8+9-LTS-211) for windows-amd64 JRE (17.0.8+9-LTS-211), built on Jun 14 2023 10:34:31 by "mach5one" with MS VC++ 17.1 (VS2022)

END.
